#! 
:ivl_version "13.0 (devel)" "(s20221226-526-g5cbdff202-dirty)";
:ivl_delay_selection "TYPICAL";
:vpi_time_precision - 8;
:vpi_module "c:\OSS-CA~1\lib\ivl\system.vpi";
:vpi_module "c:\OSS-CA~1\lib\ivl\vhdl_sys.vpi";
:vpi_module "c:\OSS-CA~1\lib\ivl\vhdl_textio.vpi";
:vpi_module "c:\OSS-CA~1\lib\ivl\v2005_math.vpi";
:vpi_module "c:\OSS-CA~1\lib\ivl\va_math.vpi";
:vpi_module "c:\OSS-CA~1\lib\ivl\v2009.vpi";
S_0000028c596ed150 .scope package, "$unit" "$unit" 2 1;
 .timescale 0 0;
S_0000028c596ed2e0 .scope module, "tb01" "tb01" 3 3;
 .timescale -8 -8;
v0000028c595df5c0_0 .var "a", 0 0;
v0000028c595df340_0 .var "b", 0 0;
v0000028c595df660_0 .var "c", 0 0;
v0000028c595df7a0_0 .net "y", 0 0, L_0000028c595e5d90;  1 drivers
S_0000028c596ed470 .scope module, "dut" "sillyfunction" 3 6, 4 1 0, S_0000028c596ed2e0;
 .timescale 0 0;
    .port_info 0 /INPUT 1 "a";
    .port_info 1 /INPUT 1 "b";
    .port_info 2 /INPUT 1 "c";
    .port_info 3 /OUTPUT 1 "y";
L_0000028c595d9cf0 .functor NOT 1, v0000028c595df5c0_0, C4<0>, C4<0>, C4<0>;
L_0000028c595d9c10 .functor NOT 1, v0000028c595df340_0, C4<0>, C4<0>, C4<0>;
L_0000028c595d9900 .functor AND 1, L_0000028c595d9cf0, L_0000028c595d9c10, C4<1>, C4<1>;
L_0000028c595d9a50 .functor NOT 1, v0000028c595df660_0, C4<0>, C4<0>, C4<0>;
L_0000028c595d97b0 .functor AND 1, L_0000028c595d9900, L_0000028c595d9a50, C4<1>, C4<1>;
L_0000028c595d96d0 .functor NOT 1, v0000028c595df340_0, C4<0>, C4<0>, C4<0>;
L_0000028c595d9ac0 .functor AND 1, v0000028c595df5c0_0, L_0000028c595d96d0, C4<1>, C4<1>;
L_0000028c595d9890 .functor NOT 1, v0000028c595df660_0, C4<0>, C4<0>, C4<0>;
L_0000028c595d9c80 .functor AND 1, L_0000028c595d9ac0, L_0000028c595d9890, C4<1>, C4<1>;
L_0000028c595d9970 .functor OR 1, L_0000028c595d97b0, L_0000028c595d9c80, C4<0>, C4<0>;
L_0000028c595d95f0 .functor NOT 1, v0000028c595df340_0, C4<0>, C4<0>, C4<0>;
L_0000028c595d9820 .functor AND 1, v0000028c595df5c0_0, L_0000028c595d95f0, C4<1>, C4<1>;
L_0000028c595e6730 .functor AND 1, L_0000028c595d9820, v0000028c595df660_0, C4<1>, C4<1>;
L_0000028c595e5d90 .functor OR 1, L_0000028c595d9970, L_0000028c595e6730, C4<0>, C4<0>;
v0000028c595dffc0_0 .net *"_ivl_0", 0 0, L_0000028c595d9cf0;  1 drivers
v0000028c595dfe80_0 .net *"_ivl_10", 0 0, L_0000028c595d96d0;  1 drivers
v0000028c595dff20_0 .net *"_ivl_12", 0 0, L_0000028c595d9ac0;  1 drivers
v0000028c595e0060_0 .net *"_ivl_14", 0 0, L_0000028c595d9890;  1 drivers
v0000028c595df3e0_0 .net *"_ivl_16", 0 0, L_0000028c595d9c80;  1 drivers
v0000028c595dfca0_0 .net *"_ivl_18", 0 0, L_0000028c595d9970;  1 drivers
v0000028c595e0100_0 .net *"_ivl_2", 0 0, L_0000028c595d9c10;  1 drivers
v0000028c595df8e0_0 .net *"_ivl_20", 0 0, L_0000028c595d95f0;  1 drivers
v0000028c595dfa20_0 .net *"_ivl_22", 0 0, L_0000028c595d9820;  1 drivers
v0000028c595dfde0_0 .net *"_ivl_24", 0 0, L_0000028c595e6730;  1 drivers
v0000028c595df980_0 .net *"_ivl_4", 0 0, L_0000028c595d9900;  1 drivers
v0000028c595df200_0 .net *"_ivl_6", 0 0, L_0000028c595d9a50;  1 drivers
v0000028c595dfac0_0 .net *"_ivl_8", 0 0, L_0000028c595d97b0;  1 drivers
v0000028c595df480_0 .net "a", 0 0, v0000028c595df5c0_0;  1 drivers
v0000028c595df520_0 .net "b", 0 0, v0000028c595df340_0;  1 drivers
v0000028c595dfd40_0 .net "c", 0 0, v0000028c595df660_0;  1 drivers
v0000028c595df2a0_0 .net "y", 0 0, L_0000028c595e5d90;  alias, 1 drivers
    .scope S_0000028c596ed2e0;
T_0 ;
    %vpi_call/w 3 9 "$dumpfile", "ex401.vcd" {0 0 0};
    %vpi_call/w 3 10 "$dumpvars", 32'sb00000000000000000000000000000000, S_0000028c596ed2e0 {0 0 0};
    %vpi_call/w 3 11 "$monitor", $stime, v0000028c595df5c0_0, v0000028c595df340_0, v0000028c595df660_0, v0000028c595df7a0_0 {0 0 0};
    %pushi/vec4 0, 0, 1;
    %store/vec4 v0000028c595df5c0_0, 0, 1;
    %pushi/vec4 0, 0, 1;
    %store/vec4 v0000028c595df340_0, 0, 1;
    %pushi/vec4 0, 0, 1;
    %store/vec4 v0000028c595df660_0, 0, 1;
    %delay 10, 0;
    %pushi/vec4 1, 0, 1;
    %store/vec4 v0000028c595df660_0, 0, 1;
    %delay 10, 0;
    %pushi/vec4 1, 0, 1;
    %store/vec4 v0000028c595df340_0, 0, 1;
    %pushi/vec4 0, 0, 1;
    %store/vec4 v0000028c595df660_0, 0, 1;
    %delay 10, 0;
    %pushi/vec4 1, 0, 1;
    %store/vec4 v0000028c595df660_0, 0, 1;
    %delay 10, 0;
    %pushi/vec4 1, 0, 1;
    %store/vec4 v0000028c595df5c0_0, 0, 1;
    %pushi/vec4 0, 0, 1;
    %store/vec4 v0000028c595df340_0, 0, 1;
    %pushi/vec4 0, 0, 1;
    %store/vec4 v0000028c595df660_0, 0, 1;
    %delay 10, 0;
    %pushi/vec4 1, 0, 1;
    %store/vec4 v0000028c595df660_0, 0, 1;
    %delay 10, 0;
    %pushi/vec4 1, 0, 1;
    %store/vec4 v0000028c595df340_0, 0, 1;
    %pushi/vec4 0, 0, 1;
    %store/vec4 v0000028c595df660_0, 0, 1;
    %delay 10, 0;
    %pushi/vec4 1, 0, 1;
    %store/vec4 v0000028c595df660_0, 0, 1;
    %delay 10, 0;
    %end;
    .thread T_0;
# The file index is used to find the file name in the following table.
:file_names 5;
    "N/A";
    "<interactive>";
    "-";
    "ex401_tb.sv";
    "ex401.sv";
