#! 
:ivl_version "13.0 (devel)" "(s20221226-526-g5cbdff202-dirty)";
:ivl_delay_selection "TYPICAL";
:vpi_time_precision - 12;
:vpi_module "C:\OSS-CA~1\lib\ivl\system.vpi";
:vpi_module "C:\OSS-CA~1\lib\ivl\vhdl_sys.vpi";
:vpi_module "C:\OSS-CA~1\lib\ivl\vhdl_textio.vpi";
:vpi_module "C:\OSS-CA~1\lib\ivl\v2005_math.vpi";
:vpi_module "C:\OSS-CA~1\lib\ivl\va_math.vpi";
:vpi_module "C:\OSS-CA~1\lib\ivl\v2009.vpi";
S_0000013cd3938910 .scope package, "$unit" "$unit" 2 1;
 .timescale 0 0;
S_0000013cd3938aa0 .scope module, "tb13" "tb13" 3 3;
 .timescale -9 -9;
v0000013cd398af80_0 .var "a", 0 0;
v0000013cd398a580_0 .var "b", 0 0;
v0000013cd398a9e0_0 .var "c", 0 0;
v0000013cd398ae40_0 .net "y", 0 0, L_0000013cd35abd60;  1 drivers
S_0000013cd3938c30 .scope module, "dut" "example" 3 6, 4 3 0, S_0000013cd3938aa0;
 .timescale -9 -12;
    .port_info 0 /INPUT 1 "a";
    .port_info 1 /INPUT 1 "b";
    .port_info 2 /INPUT 1 "c";
    .port_info 3 /OUTPUT 1 "y";
L_0000013cd35ab900/d .functor NOT 3, L_0000013cd398ad00, C4<000>, C4<000>, C4<000>;
L_0000013cd35ab900 .delay 3 (1000,1000,1000) L_0000013cd35ab900/d;
L_0000013cd35abac0 .functor AND 1, L_0000013cd398a8a0, L_0000013cd398a3a0, C4<1>, C4<1>;
L_0000013cd35ab740/d .functor AND 1, L_0000013cd35abac0, L_0000013cd398aa80, C4<1>, C4<1>;
L_0000013cd35ab740 .delay 1 (2000,2000,2000) L_0000013cd35ab740/d;
L_0000013cd35abb30 .functor AND 1, v0000013cd398af80_0, L_0000013cd398a3a0, C4<1>, C4<1>;
L_0000013cd35ab7b0/d .functor AND 1, L_0000013cd35abb30, L_0000013cd398aa80, C4<1>, C4<1>;
L_0000013cd35ab7b0 .delay 1 (2000,2000,2000) L_0000013cd35ab7b0/d;
L_0000013cd35abc10 .functor AND 1, v0000013cd398af80_0, L_0000013cd398a3a0, C4<1>, C4<1>;
L_0000013cd35ab970/d .functor AND 1, L_0000013cd35abc10, v0000013cd398a9e0_0, C4<1>, C4<1>;
L_0000013cd35ab970 .delay 1 (2000,2000,2000) L_0000013cd35ab970/d;
L_0000013cd35abc80 .functor OR 1, L_0000013cd35ab740, L_0000013cd35ab7b0, C4<0>, C4<0>;
L_0000013cd35abd60/d .functor OR 1, L_0000013cd35abc80, L_0000013cd35ab970, C4<0>, C4<0>;
L_0000013cd35abd60 .delay 1 (4000,4000,4000) L_0000013cd35abd60/d;
v0000013cd35a6ff0_0 .net *"_ivl_12", 0 0, L_0000013cd35abb30;  1 drivers
v0000013cd39373d0_0 .net *"_ivl_16", 0 0, L_0000013cd35abc10;  1 drivers
v0000013cd3937470_0 .net *"_ivl_20", 0 0, L_0000013cd35abc80;  1 drivers
v0000013cd398a120_0 .net *"_ivl_4", 2 0, L_0000013cd398ad00;  1 drivers
v0000013cd398a1c0_0 .net *"_ivl_6", 2 0, L_0000013cd35ab900;  1 drivers
v0000013cd398a760_0 .net *"_ivl_8", 0 0, L_0000013cd35abac0;  1 drivers
v0000013cd398a800_0 .net "a", 0 0, v0000013cd398af80_0;  1 drivers
v0000013cd398a940_0 .net "ab", 0 0, L_0000013cd398a8a0;  1 drivers
v0000013cd398abc0_0 .net "b", 0 0, v0000013cd398a580_0;  1 drivers
v0000013cd398ab20_0 .net "bb", 0 0, L_0000013cd398a3a0;  1 drivers
v0000013cd398a620_0 .net "c", 0 0, v0000013cd398a9e0_0;  1 drivers
v0000013cd398ac60_0 .net "cb", 0 0, L_0000013cd398aa80;  1 drivers
v0000013cd398a300_0 .net "n1", 0 0, L_0000013cd35ab740;  1 drivers
v0000013cd398a260_0 .net "n2", 0 0, L_0000013cd35ab7b0;  1 drivers
v0000013cd398a440_0 .net "n3", 0 0, L_0000013cd35ab970;  1 drivers
v0000013cd398a6c0_0 .net "y", 0 0, L_0000013cd35abd60;  alias, 1 drivers
L_0000013cd398a8a0 .part L_0000013cd35ab900, 2, 1;
L_0000013cd398a3a0 .part L_0000013cd35ab900, 1, 1;
L_0000013cd398aa80 .part L_0000013cd35ab900, 0, 1;
L_0000013cd398ad00 .concat [ 1 1 1 0], v0000013cd398a9e0_0, v0000013cd398a580_0, v0000013cd398af80_0;
    .scope S_0000013cd3938aa0;
T_0 ;
    %vpi_call/w 3 9 "$dumpfile", "ex413.vcd" {0 0 0};
    %vpi_call/w 3 10 "$dumpvars", 32'sb00000000000000000000000000000000, S_0000013cd3938c30 {0 0 0};
    %pushi/vec4 0, 0, 1;
    %store/vec4 v0000013cd398af80_0, 0, 1;
    %pushi/vec4 0, 0, 1;
    %store/vec4 v0000013cd398a580_0, 0, 1;
    %pushi/vec4 0, 0, 1;
    %store/vec4 v0000013cd398a9e0_0, 0, 1;
    %delay 10000, 0;
    %pushi/vec4 0, 0, 1;
    %store/vec4 v0000013cd398af80_0, 0, 1;
    %pushi/vec4 0, 0, 1;
    %store/vec4 v0000013cd398a580_0, 0, 1;
    %pushi/vec4 1, 0, 1;
    %store/vec4 v0000013cd398a9e0_0, 0, 1;
    %delay 10000, 0;
    %pushi/vec4 0, 0, 1;
    %store/vec4 v0000013cd398af80_0, 0, 1;
    %pushi/vec4 1, 0, 1;
    %store/vec4 v0000013cd398a580_0, 0, 1;
    %pushi/vec4 0, 0, 1;
    %store/vec4 v0000013cd398a9e0_0, 0, 1;
    %delay 10000, 0;
    %pushi/vec4 0, 0, 1;
    %store/vec4 v0000013cd398af80_0, 0, 1;
    %pushi/vec4 1, 0, 1;
    %store/vec4 v0000013cd398a580_0, 0, 1;
    %pushi/vec4 1, 0, 1;
    %store/vec4 v0000013cd398a9e0_0, 0, 1;
    %delay 10000, 0;
    %pushi/vec4 1, 0, 1;
    %store/vec4 v0000013cd398af80_0, 0, 1;
    %pushi/vec4 0, 0, 1;
    %store/vec4 v0000013cd398a580_0, 0, 1;
    %pushi/vec4 0, 0, 1;
    %store/vec4 v0000013cd398a9e0_0, 0, 1;
    %delay 10000, 0;
    %pushi/vec4 1, 0, 1;
    %store/vec4 v0000013cd398af80_0, 0, 1;
    %pushi/vec4 0, 0, 1;
    %store/vec4 v0000013cd398a580_0, 0, 1;
    %pushi/vec4 1, 0, 1;
    %store/vec4 v0000013cd398a9e0_0, 0, 1;
    %delay 10000, 0;
    %pushi/vec4 1, 0, 1;
    %store/vec4 v0000013cd398af80_0, 0, 1;
    %pushi/vec4 1, 0, 1;
    %store/vec4 v0000013cd398a580_0, 0, 1;
    %pushi/vec4 0, 0, 1;
    %store/vec4 v0000013cd398a9e0_0, 0, 1;
    %delay 10000, 0;
    %pushi/vec4 1, 0, 1;
    %store/vec4 v0000013cd398af80_0, 0, 1;
    %pushi/vec4 1, 0, 1;
    %store/vec4 v0000013cd398a580_0, 0, 1;
    %pushi/vec4 1, 0, 1;
    %store/vec4 v0000013cd398a9e0_0, 0, 1;
    %delay 10000, 0;
    %end;
    .thread T_0;
# The file index is used to find the file name in the following table.
:file_names 5;
    "N/A";
    "<interactive>";
    "-";
    "ex413_tb.sv";
    "ex413.sv";
